<?xml version="1.0" encoding="UTF-8"?>
<!-- Generated by org.testng.reporters.JUnitReportReporter -->
<testsuite skipped="0" hostname="Gappi" name="com.testcases.TestClass" tests="1" failures="0" timestamp="23 Aug 2022 17:38:55 GMT" time="5.832" errors="0">
  <testcase name="search" time="5.832" classname="com.testcases.TestClass"/>
</testsuite> <!-- com.testcases.TestClass -->
