<?xml version="1.0" encoding="UTF-8"?>
<!-- Generated by org.testng.reporters.JUnitReportReporter -->
<testsuite skipped="0" hostname="Gappi" name="com.testcases.TestClass" tests="1" failures="0" timestamp="23 Aug 2022 15:31:24 GMT" time="9.121" errors="0">
  <testcase name="search" time="9.121" classname="com.testcases.TestClass"/>
</testsuite> <!-- com.testcases.TestClass -->
