<?xml version="1.0" encoding="UTF-8"?>
<!-- Generated by org.testng.reporters.JUnitReportReporter -->
<testsuite skipped="0" hostname="Gappi" name="com.testcases.TestClass" tests="1" failures="0" timestamp="22 Aug 2022 05:03:30 GMT" time="3.664" errors="0">
  <testcase name="test" time="3.664" classname="com.testcases.TestClass"/>
</testsuite> <!-- com.testcases.TestClass -->
